<?xml version="1.0" encoding="UTF-8"?>
<testng-results skipped="0" failed="0" ignored="0" total="1" passed="1">
  <reporter-output>
  </reporter-output>
  <suite name="Suite" duration-ms="52582" started-at="2022-05-30T14:16:25 IST" finished-at="2022-05-30T14:17:18 IST">
    <groups>
    </groups>
    <test name="Test" duration-ms="52582" started-at="2022-05-30T14:16:25 IST" finished-at="2022-05-30T14:17:18 IST">
      <class name="VootHome">
        <test-method status="PASS" signature="init(java.lang.String,java.lang.String)[pri:0, instance:VootHome@5204062d]" name="init" is-config="true" duration-ms="24180" started-at="2022-05-30T14:16:25 IST" finished-at="2022-05-30T14:16:49 IST">
          <params>
            <param index="0">
              <value>
                <![CDATA[chrome]]>
              </value>
            </param>
            <param index="1">
              <value>
                <![CDATA[http://automationpractice.com/index.php]]>
              </value>
            </param>
          </params>
          <reporter-output>
          </reporter-output>
        </test-method> <!-- init -->
        <test-method status="PASS" signature="homePagevalidation()[pri:0, instance:VootHome@5204062d]" name="homePagevalidation" duration-ms="27503" started-at="2022-05-30T14:16:49 IST" finished-at="2022-05-30T14:17:17 IST">
          <reporter-output>
          </reporter-output>
        </test-method> <!-- homePagevalidation -->
        <test-method status="PASS" signature="quit()[pri:0, instance:VootHome@5204062d]" name="quit" is-config="true" duration-ms="829" started-at="2022-05-30T14:17:17 IST" finished-at="2022-05-30T14:17:18 IST">
          <reporter-output>
          </reporter-output>
        </test-method> <!-- quit -->
      </class> <!-- VootHome -->
    </test> <!-- Test -->
  </suite> <!-- Suite -->
</testng-results>
